app/build/intermediates/manifest_merge_blame_file/debug/manifest-merger-blame-debug-report.txt
1<?xml version="1.0" encoding="utf-8"?>
2<manifest xmlns:android="http://schemas.android.com/apk/res/android"
3    package="um5.ssi.traininggps"
4    android:versionCode="1"
5    android:versionName="1.0" >
6
7    <uses-sdk
8        android:minSdkVersion="16"
8-->src/main/AndroidManifest.xml
9        android:targetSdkVersion="30" />
9-->src/main/AndroidManifest.xml
10    <!--
11         The ACCESS_COARSE/FINE_LOCATION permissions are not required to use
12         Google Maps Android API v2, but you must specify either coarse or fine
13         location permissions for the "MyLocation" functionality.
14    -->
15    <uses-permission android:name="android.permission.ACCESS_FINE_LOCATION" />
15-->src/main/AndroidManifest.xml:9:5-79
15-->src/main/AndroidManifest.xml:9:22-76
16
17    <!-- Include required permissions for Google Maps API to run. -->
18    <uses-permission android:name="android.permission.ACCESS_NETWORK_STATE" />
18-->[com.google.android.gms:play-services-maps:17.0.0] AndroidManifest.xml:23:5-79
18-->[com.google.android.gms:play-services-maps:17.0.0] AndroidManifest.xml:23:22-76
19    <uses-permission android:name="android.permission.INTERNET" />
19-->[com.google.android.gms:play-services-maps:17.0.0] AndroidManifest.xml:24:5-67
19-->[com.google.android.gms:play-services-maps:17.0.0] AndroidManifest.xml:24:22-64
20
21    <uses-feature
21-->[com.google.android.gms:play-services-maps:17.0.0] AndroidManifest.xml:26:5-28:35
22        android:glEsVersion="0x00020000"
22-->[com.google.android.gms:play-services-maps:17.0.0] AndroidManifest.xml:27:9-41
23        android:required="true" />
23-->[com.google.android.gms:play-services-maps:17.0.0] AndroidManifest.xml:28:9-32
24
25    <application
25-->src/main/AndroidManifest.xml:11:5-42:19
26        android:name="um5.ssi.traininggps.MyApplication"
26-->src/main/AndroidManifest.xml:12:9-38
27        android:allowBackup="true"
27-->src/main/AndroidManifest.xml:13:9-35
28        android:appComponentFactory="androidx.core.app.CoreComponentFactory"
28-->[androidx.core:core:1.3.1] AndroidManifest.xml:24:18-86
29        android:debuggable="true"
30        android:icon="@mipmap/ic_launcher"
30-->src/main/AndroidManifest.xml:14:9-43
31        android:label="@string/app_name"
31-->src/main/AndroidManifest.xml:15:9-41
32        android:roundIcon="@mipmap/ic_launcher_round"
32-->src/main/AndroidManifest.xml:16:9-54
33        android:supportsRtl="true"
33-->src/main/AndroidManifest.xml:17:9-35
34        android:testOnly="true"
35        android:theme="@style/Theme.TrainingGPS" >
35-->src/main/AndroidManifest.xml:18:9-49
36
37        <!--
38             The API key for Google Maps-based APIs is defined as a string resource.
39             (See the file "res/values/google_maps_api.xml").
40             Note that the API key is linked to the encryption key used to sign the APK.
41             You need a different API key for each encryption key, including the release key that is used to
42             sign the APK for publishing.
43             You can define the keys for the debug and release targets in src/debug/ and src/release/.
44        -->
45        <meta-data
45-->src/main/AndroidManifest.xml:27:9-29:55
46            android:name="com.google.android.geo.API_KEY"
46-->src/main/AndroidManifest.xml:28:13-58
47            android:value="@string/google_maps_key" />
47-->src/main/AndroidManifest.xml:29:13-52
48
49        <activity
49-->src/main/AndroidManifest.xml:31:9-33:59
50            android:name="um5.ssi.traininggps.MapsActivity"
50-->src/main/AndroidManifest.xml:32:13-41
51            android:label="@string/title_activity_maps" />
51-->src/main/AndroidManifest.xml:33:13-56
52        <activity android:name="um5.ssi.traininggps.ShowSavedLocationList" />
52-->src/main/AndroidManifest.xml:34:9-59
52-->src/main/AndroidManifest.xml:34:19-56
53        <activity android:name="um5.ssi.traininggps.MainActivity" >
53-->src/main/AndroidManifest.xml:35:9-41:20
53-->src/main/AndroidManifest.xml:35:19-47
54            <intent-filter>
54-->src/main/AndroidManifest.xml:36:13-40:29
55                <action android:name="android.intent.action.MAIN" />
55-->src/main/AndroidManifest.xml:37:17-69
55-->src/main/AndroidManifest.xml:37:25-66
56
57                <category android:name="android.intent.category.LAUNCHER" />
57-->src/main/AndroidManifest.xml:39:17-77
57-->src/main/AndroidManifest.xml:39:27-74
58            </intent-filter>
59        </activity>
60        <!-- Needs to be explicitly declared on P+ -->
61        <uses-library
61-->[com.google.android.gms:play-services-maps:17.0.0] AndroidManifest.xml:33:9-35:40
62            android:name="org.apache.http.legacy"
62-->[com.google.android.gms:play-services-maps:17.0.0] AndroidManifest.xml:34:13-50
63            android:required="false" />
63-->[com.google.android.gms:play-services-maps:17.0.0] AndroidManifest.xml:35:13-37
64
65        <activity
65-->[com.google.android.gms:play-services-base:17.5.0] AndroidManifest.xml:23:9-26:75
66            android:name="com.google.android.gms.common.api.GoogleApiActivity"
66-->[com.google.android.gms:play-services-base:17.5.0] AndroidManifest.xml:24:13-79
67            android:exported="false"
67-->[com.google.android.gms:play-services-base:17.5.0] AndroidManifest.xml:25:13-37
68            android:theme="@android:style/Theme.Translucent.NoTitleBar" />
68-->[com.google.android.gms:play-services-base:17.5.0] AndroidManifest.xml:26:13-72
69
70        <meta-data
70-->[com.google.android.gms:play-services-basement:17.5.0] AndroidManifest.xml:23:9-25:69
71            android:name="com.google.android.gms.version"
71-->[com.google.android.gms:play-services-basement:17.5.0] AndroidManifest.xml:24:13-58
72            android:value="@integer/google_play_services_version" />
72-->[com.google.android.gms:play-services-basement:17.5.0] AndroidManifest.xml:25:13-66
73    </application>
74
75</manifest>